{"code":"ECONNREFUSED","level":"error","message":"Redis Subscriber Error:","stack":"AggregateError [ECONNREFUSED]: \n    at internalConnectMultiple (node:net:1139:18)\n    at afterConnectMultiple (node:net:1712:7)","timestamp":"2025-06-14T17:33:42.255Z"}
{"code":"ECONNREFUSED","level":"error","message":"Redis Publisher Error:","stack":"AggregateError [ECONNREFUSED]: \n    at internalConnectMultiple (node:net:1139:18)\n    at afterConnectMultiple (node:net:1712:7)","timestamp":"2025-06-14T17:33:42.260Z"}
{"code":"ECONNREFUSED","level":"error","message":"Redis Subscriber Error:","stack":"AggregateError [ECONNREFUSED]: \n    at internalConnectMultiple (node:net:1139:18)\n    at afterConnectMultiple (node:net:1712:7)","timestamp":"2025-06-14T18:46:41.782Z"}
{"code":"ECONNREFUSED","level":"error","message":"Redis Publisher Error:","stack":"AggregateError [ECONNREFUSED]: \n    at internalConnectMultiple (node:net:1139:18)\n    at afterConnectMultiple (node:net:1712:7)","timestamp":"2025-06-14T18:46:41.790Z"}
{"code":"ECONNREFUSED","level":"error","message":"Redis Subscriber Error:","stack":"AggregateError [ECONNREFUSED]: \n    at internalConnectMultiple (node:net:1139:18)\n    at afterConnectMultiple (node:net:1712:7)","timestamp":"2025-06-14T18:46:46.318Z"}
{"code":"ECONNREFUSED","level":"error","message":"Redis Publisher Error:","stack":"AggregateError [ECONNREFUSED]: \n    at internalConnectMultiple (node:net:1139:18)\n    at afterConnectMultiple (node:net:1712:7)","timestamp":"2025-06-14T18:46:46.320Z"}
{"code":"ECONNREFUSED","level":"error","message":"Redis Subscriber Error:","stack":"AggregateError [ECONNREFUSED]: \n    at internalConnectMultiple (node:net:1139:18)\n    at afterConnectMultiple (node:net:1712:7)","timestamp":"2025-06-14T18:47:43.769Z"}
{"code":"ECONNREFUSED","level":"error","message":"Redis Publisher Error:","stack":"AggregateError [ECONNREFUSED]: \n    at internalConnectMultiple (node:net:1139:18)\n    at afterConnectMultiple (node:net:1712:7)","timestamp":"2025-06-14T18:47:43.775Z"}
{"code":"ECONNREFUSED","level":"error","message":"Redis Subscriber Error:","stack":"AggregateError [ECONNREFUSED]: \n    at internalConnectMultiple (node:net:1139:18)\n    at afterConnectMultiple (node:net:1712:7)","timestamp":"2025-06-14T18:50:43.015Z"}
{"code":"ECONNREFUSED","level":"error","message":"Redis Publisher Error:","stack":"AggregateError [ECONNREFUSED]: \n    at internalConnectMultiple (node:net:1139:18)\n    at afterConnectMultiple (node:net:1712:7)","timestamp":"2025-06-14T18:50:43.019Z"}
{"code":"ECONNREFUSED","level":"error","message":"Redis Subscriber Error:","stack":"AggregateError [ECONNREFUSED]: \n    at internalConnectMultiple (node:net:1139:18)\n    at afterConnectMultiple (node:net:1712:7)","timestamp":"2025-06-14T18:57:04.223Z"}
{"code":"ECONNREFUSED","level":"error","message":"Redis Publisher Error:","stack":"AggregateError [ECONNREFUSED]: \n    at internalConnectMultiple (node:net:1139:18)\n    at afterConnectMultiple (node:net:1712:7)","timestamp":"2025-06-14T18:57:04.227Z"}
{"code":"ECONNREFUSED","level":"error","message":"Redis Subscriber Error:","stack":"AggregateError [ECONNREFUSED]: \n    at internalConnectMultiple (node:net:1139:18)\n    at afterConnectMultiple (node:net:1712:7)","timestamp":"2025-06-14T18:59:31.907Z"}
{"code":"ECONNREFUSED","level":"error","message":"Redis Publisher Error:","stack":"AggregateError [ECONNREFUSED]: \n    at internalConnectMultiple (node:net:1139:18)\n    at afterConnectMultiple (node:net:1712:7)","timestamp":"2025-06-14T18:59:31.910Z"}
{"code":"ECONNREFUSED","level":"error","message":"Redis Subscriber Error:","stack":"AggregateError [ECONNREFUSED]: \n    at internalConnectMultiple (node:net:1139:18)\n    at afterConnectMultiple (node:net:1712:7)","timestamp":"2025-06-14T19:00:30.899Z"}
{"code":"ECONNREFUSED","level":"error","message":"Redis Publisher Error:","stack":"AggregateError [ECONNREFUSED]: \n    at internalConnectMultiple (node:net:1139:18)\n    at afterConnectMultiple (node:net:1712:7)","timestamp":"2025-06-14T19:00:30.905Z"}
{"code":"ECONNREFUSED","level":"error","message":"Redis Subscriber Error:","stack":"AggregateError [ECONNREFUSED]: \n    at internalConnectMultiple (node:net:1139:18)\n    at afterConnectMultiple (node:net:1712:7)","timestamp":"2025-06-14T19:00:42.496Z"}
{"code":"ECONNREFUSED","level":"error","message":"Redis Publisher Error:","stack":"AggregateError [ECONNREFUSED]: \n    at internalConnectMultiple (node:net:1139:18)\n    at afterConnectMultiple (node:net:1712:7)","timestamp":"2025-06-14T19:00:42.500Z"}
{"kind":"ObjectId","level":"error","message":"Manual notification error: Cast to ObjectId failed for value \"USER_ID_1\" (type string) at path \"_id\" for model \"User\"","path":"_id","reason":{},"stack":"CastError: Cast to ObjectId failed for value \"USER_ID_1\" (type string) at path \"_id\" for model \"User\"\n    at SchemaObjectId.cast (C:\\Users\\NewAdmin\\Documents\\GitHub\\codie.api\\node_modules\\mongoose\\lib\\schema\\objectId.js:251:11)\n    at SchemaType.applySetters (C:\\Users\\NewAdmin\\Documents\\GitHub\\codie.api\\node_modules\\mongoose\\lib\\schemaType.js:1255:12)\n    at SchemaType.castForQuery (C:\\Users\\NewAdmin\\Documents\\GitHub\\codie.api\\node_modules\\mongoose\\lib\\schemaType.js:1673:17)\n    at C:\\Users\\NewAdmin\\Documents\\GitHub\\codie.api\\node_modules\\mongoose\\lib\\schemaType.js:1634:18\n    at Array.map (<anonymous>)\n    at SchemaObjectId.handle$in (C:\\Users\\NewAdmin\\Documents\\GitHub\\codie.api\\node_modules\\mongoose\\lib\\schemaType.js:1630:14)\n    at SchemaType.castForQuery (C:\\Users\\NewAdmin\\Documents\\GitHub\\codie.api\\node_modules\\mongoose\\lib\\schemaType.js:1669:20)\n    at cast (C:\\Users\\NewAdmin\\Documents\\GitHub\\codie.api\\node_modules\\mongoose\\lib\\cast.js:367:39)\n    at Query.cast (C:\\Users\\NewAdmin\\Documents\\GitHub\\codie.api\\node_modules\\mongoose\\lib\\query.js:5055:12)\n    at Query._castConditions (C:\\Users\\NewAdmin\\Documents\\GitHub\\codie.api\\node_modules\\mongoose\\lib\\query.js:2351:10)","stringValue":"\"USER_ID_1\"","timestamp":"2025-06-14T19:02:35.171Z","value":"USER_ID_1","valueType":"string"}
{"code":"ECONNREFUSED","level":"error","message":"Redis Subscriber Error:","stack":"AggregateError [ECONNREFUSED]: \n    at internalConnectMultiple (node:net:1139:18)\n    at afterConnectMultiple (node:net:1712:7)","timestamp":"2025-07-08T20:36:40.058Z"}
{"code":"ECONNREFUSED","level":"error","message":"Redis Publisher Error:","stack":"AggregateError [ECONNREFUSED]: \n    at internalConnectMultiple (node:net:1139:18)\n    at afterConnectMultiple (node:net:1712:7)","timestamp":"2025-07-08T20:36:40.065Z"}
{"code":"ECONNREFUSED","level":"error","message":"Redis Subscriber Error:","stack":"AggregateError [ECONNREFUSED]: \n    at internalConnectMultiple (node:net:1139:18)\n    at afterConnectMultiple (node:net:1712:7)","timestamp":"2025-07-08T20:42:46.615Z"}
{"code":"ECONNREFUSED","level":"error","message":"Redis Publisher Error:","stack":"AggregateError [ECONNREFUSED]: \n    at internalConnectMultiple (node:net:1139:18)\n    at afterConnectMultiple (node:net:1712:7)","timestamp":"2025-07-08T20:42:46.626Z"}
{"code":"ECONNREFUSED","level":"error","message":"Redis Subscriber Error:","stack":"AggregateError [ECONNREFUSED]: \n    at internalConnectMultiple (node:net:1139:18)\n    at afterConnectMultiple (node:net:1712:7)","timestamp":"2025-07-08T20:42:55.844Z"}
{"code":"ECONNREFUSED","level":"error","message":"Redis Publisher Error:","stack":"AggregateError [ECONNREFUSED]: \n    at internalConnectMultiple (node:net:1139:18)\n    at afterConnectMultiple (node:net:1712:7)","timestamp":"2025-07-08T20:42:55.867Z"}
{"code":"ECONNREFUSED","level":"error","message":"Redis Subscriber Error:","stack":"AggregateError [ECONNREFUSED]: \n    at internalConnectMultiple (node:net:1139:18)\n    at afterConnectMultiple (node:net:1712:7)","timestamp":"2025-07-08T20:47:09.098Z"}
{"code":"ECONNREFUSED","level":"error","message":"Redis Publisher Error:","stack":"AggregateError [ECONNREFUSED]: \n    at internalConnectMultiple (node:net:1139:18)\n    at afterConnectMultiple (node:net:1712:7)","timestamp":"2025-07-08T20:47:09.103Z"}
{"code":"ECONNREFUSED","level":"error","message":"Redis Subscriber Error:","stack":"AggregateError [ECONNREFUSED]: \n    at internalConnectMultiple (node:net:1139:18)\n    at afterConnectMultiple (node:net:1712:7)","timestamp":"2025-07-08T20:50:53.285Z"}
{"code":"ECONNREFUSED","level":"error","message":"Redis Publisher Error:","stack":"AggregateError [ECONNREFUSED]: \n    at internalConnectMultiple (node:net:1139:18)\n    at afterConnectMultiple (node:net:1712:7)","timestamp":"2025-07-08T20:50:53.290Z"}
{"code":"ECONNREFUSED","level":"error","message":"Redis Subscriber Error:","stack":"AggregateError [ECONNREFUSED]: \n    at internalConnectMultiple (node:net:1139:18)\n    at afterConnectMultiple (node:net:1712:7)","timestamp":"2025-07-08T20:51:34.965Z"}
{"code":"ECONNREFUSED","level":"error","message":"Redis Publisher Error:","stack":"AggregateError [ECONNREFUSED]: \n    at internalConnectMultiple (node:net:1139:18)\n    at afterConnectMultiple (node:net:1712:7)","timestamp":"2025-07-08T20:51:34.971Z"}
{"code":"ECONNREFUSED","level":"error","message":"Redis Subscriber Error:","stack":"AggregateError [ECONNREFUSED]: \n    at internalConnectMultiple (node:net:1139:18)\n    at afterConnectMultiple (node:net:1712:7)","timestamp":"2025-07-08T20:52:06.775Z"}
{"code":"ECONNREFUSED","level":"error","message":"Redis Publisher Error:","stack":"AggregateError [ECONNREFUSED]: \n    at internalConnectMultiple (node:net:1139:18)\n    at afterConnectMultiple (node:net:1712:7)","timestamp":"2025-07-08T20:52:06.778Z"}
{"code":"ECONNREFUSED","level":"error","message":"Redis Subscriber Error:","stack":"AggregateError [ECONNREFUSED]: \n    at internalConnectMultiple (node:net:1139:18)\n    at afterConnectMultiple (node:net:1712:7)","timestamp":"2025-07-08T20:54:00.234Z"}
{"code":"ECONNREFUSED","level":"error","message":"Redis Publisher Error:","stack":"AggregateError [ECONNREFUSED]: \n    at internalConnectMultiple (node:net:1139:18)\n    at afterConnectMultiple (node:net:1712:7)","timestamp":"2025-07-08T20:54:00.238Z"}
{"code":"ETIMEDOUT","level":"error","message":"Redis Subscriber Error:","stack":"AggregateError [ETIMEDOUT]: \n    at internalConnectMultiple (node:net:1139:18)\n    at afterConnectMultiple (node:net:1712:7)","timestamp":"2025-07-08T20:59:38.453Z"}
{"code":"ETIMEDOUT","level":"error","message":"Redis Publisher Error:","stack":"AggregateError [ETIMEDOUT]: \n    at internalConnectMultiple (node:net:1139:18)\n    at afterConnectMultiple (node:net:1712:7)","timestamp":"2025-07-08T20:59:38.478Z"}
{"code":"ECONNREFUSED","level":"error","message":"Redis Subscriber Error:","stack":"AggregateError [ECONNREFUSED]: \n    at internalConnectMultiple (node:net:1139:18)\n    at afterConnectMultiple (node:net:1712:7)","timestamp":"2025-07-08T21:02:13.771Z"}
{"code":"ECONNREFUSED","level":"error","message":"Redis Publisher Error:","stack":"AggregateError [ECONNREFUSED]: \n    at internalConnectMultiple (node:net:1139:18)\n    at afterConnectMultiple (node:net:1712:7)","timestamp":"2025-07-08T21:02:13.776Z"}
{"code":"ECONNREFUSED","level":"error","message":"Redis Subscriber Error:","stack":"AggregateError [ECONNREFUSED]: \n    at internalConnectMultiple (node:net:1139:18)\n    at afterConnectMultiple (node:net:1712:7)","timestamp":"2025-07-08T21:05:05.474Z"}
{"code":"ECONNREFUSED","level":"error","message":"Redis Publisher Error:","stack":"AggregateError [ECONNREFUSED]: \n    at internalConnectMultiple (node:net:1139:18)\n    at afterConnectMultiple (node:net:1712:7)","timestamp":"2025-07-08T21:05:05.477Z"}
{"level":"error","message":"Redis Subscriber Error: Connection timeout","stack":"Error: Connection timeout\n    at Socket.onTimeout (C:\\Users\\NewAdmin\\Documents\\GitHub\\codie.api\\node_modules\\@redis\\client\\dist\\lib\\client\\socket.js:180:46)\n    at Object.onceWrapper (node:events:638:28)\n    at Socket.emit (node:events:524:28)\n    at Socket._onTimeout (node:net:609:8)\n    at listOnTimeout (node:internal/timers:594:17)\n    at process.processTimers (node:internal/timers:529:7)","timestamp":"2025-07-16T23:12:11.773Z"}
{"code":"ETIMEDOUT","level":"error","message":"Redis Publisher Error:","stack":"AggregateError [ETIMEDOUT]: \n    at internalConnectMultiple (node:net:1139:18)\n    at afterConnectMultiple (node:net:1712:7)","timestamp":"2025-07-16T23:12:12.953Z"}
{"code":"ETIMEDOUT","level":"error","message":"Redis Subscriber Error:","stack":"AggregateError [ETIMEDOUT]: \n    at internalConnectMultiple (node:net:1139:18)\n    at afterConnectMultiple (node:net:1712:7)","timestamp":"2025-07-16T23:12:53.834Z"}
{"code":"ETIMEDOUT","level":"error","message":"Redis Publisher Error:","stack":"AggregateError [ETIMEDOUT]: \n    at internalConnectMultiple (node:net:1139:18)\n    at afterConnectMultiple (node:net:1712:7)","timestamp":"2025-07-16T23:12:53.870Z"}
{"level":"error","message":"Redis Subscriber Error: Connection timeout","stack":"Error: Connection timeout\n    at Socket.onTimeout (C:\\Users\\NewAdmin\\Documents\\GitHub\\codie.api\\node_modules\\@redis\\client\\dist\\lib\\client\\socket.js:180:46)\n    at Object.onceWrapper (node:events:638:28)\n    at Socket.emit (node:events:524:28)\n    at Socket._onTimeout (node:net:609:8)\n    at listOnTimeout (node:internal/timers:594:17)\n    at process.processTimers (node:internal/timers:529:7)","timestamp":"2025-07-16T23:13:29.475Z"}
{"code":"ETIMEDOUT","level":"error","message":"Redis Publisher Error:","stack":"AggregateError [ETIMEDOUT]: \n    at internalConnectMultiple (node:net:1139:18)\n    at afterConnectMultiple (node:net:1712:7)","timestamp":"2025-07-16T23:13:30.394Z"}
{"code":"ECONNREFUSED","level":"error","message":"Redis Subscriber Error:","stack":"AggregateError [ECONNREFUSED]: \n    at internalConnectMultiple (node:net:1139:18)\n    at afterConnectMultiple (node:net:1712:7)","timestamp":"2025-07-23T10:50:14.271Z"}
{"code":"ECONNREFUSED","level":"error","message":"Redis Publisher Error:","stack":"AggregateError [ECONNREFUSED]: \n    at internalConnectMultiple (node:net:1139:18)\n    at afterConnectMultiple (node:net:1712:7)","timestamp":"2025-07-23T10:50:14.276Z"}
{"code":"ECONNREFUSED","level":"error","message":"Redis Subscriber Error:","stack":"AggregateError [ECONNREFUSED]: \n    at internalConnectMultiple (node:net:1139:18)\n    at afterConnectMultiple (node:net:1712:7)","timestamp":"2025-07-23T11:18:30.304Z"}
{"code":"ECONNREFUSED","level":"error","message":"Redis Publisher Error:","stack":"AggregateError [ECONNREFUSED]: \n    at internalConnectMultiple (node:net:1139:18)\n    at afterConnectMultiple (node:net:1712:7)","timestamp":"2025-07-23T11:18:30.308Z"}
{"code":"ECONNREFUSED","level":"error","message":"Redis Subscriber Error:","stack":"AggregateError [ECONNREFUSED]: \n    at internalConnectMultiple (node:net:1139:18)\n    at afterConnectMultiple (node:net:1712:7)","timestamp":"2025-07-23T11:21:36.956Z"}
{"code":"ECONNREFUSED","level":"error","message":"Redis Publisher Error:","stack":"AggregateError [ECONNREFUSED]: \n    at internalConnectMultiple (node:net:1139:18)\n    at afterConnectMultiple (node:net:1712:7)","timestamp":"2025-07-23T11:21:36.959Z"}
{"code":"ECONNREFUSED","level":"error","message":"Redis Subscriber Error:","stack":"AggregateError [ECONNREFUSED]: \n    at internalConnectMultiple (node:net:1139:18)\n    at afterConnectMultiple (node:net:1712:7)","timestamp":"2025-07-23T11:23:54.938Z"}
{"code":"ECONNREFUSED","level":"error","message":"Redis Publisher Error:","stack":"AggregateError [ECONNREFUSED]: \n    at internalConnectMultiple (node:net:1139:18)\n    at afterConnectMultiple (node:net:1712:7)","timestamp":"2025-07-23T11:23:54.942Z"}
{"code":"ECONNREFUSED","level":"error","message":"Redis Subscriber Error:","stack":"AggregateError [ECONNREFUSED]: \n    at internalConnectMultiple (node:net:1139:18)\n    at afterConnectMultiple (node:net:1712:7)","timestamp":"2025-07-23T11:32:17.379Z"}
{"code":"ECONNREFUSED","level":"error","message":"Redis Publisher Error:","stack":"AggregateError [ECONNREFUSED]: \n    at internalConnectMultiple (node:net:1139:18)\n    at afterConnectMultiple (node:net:1712:7)","timestamp":"2025-07-23T11:32:17.382Z"}
{"code":"ECONNREFUSED","level":"error","message":"Redis Subscriber Error:","stack":"AggregateError [ECONNREFUSED]: \n    at internalConnectMultiple (node:net:1139:18)\n    at afterConnectMultiple (node:net:1712:7)","timestamp":"2025-07-23T11:40:40.732Z"}
{"code":"ECONNREFUSED","level":"error","message":"Redis Publisher Error:","stack":"AggregateError [ECONNREFUSED]: \n    at internalConnectMultiple (node:net:1139:18)\n    at afterConnectMultiple (node:net:1712:7)","timestamp":"2025-07-23T11:40:40.737Z"}
